[INFO]-[2020-08-04 13:40:59,528]-日志信息:正在执行：第1条用例，
[INFO]-[2020-08-04 13:40:59,528]-日志信息:替换前请求地址：https://sharpsit.jusdaglobal.com/api/login,替换前请求参数：{"grant_type":"password","username":"alex","password":"948542b99a45de7ced6b6df6830dbb0a","tenant_code":"SHARP"},
[INFO]-[2020-08-04 13:40:59,529]-日志信息:替换前请求文件参数：''，请求头：{"content-type":"application/x-www-form-urlencoded;charset=UTF-8","authorization":"Basic Y2xpZW50OjYyNjA4ZTA4YWRjMjlhOGQ2ZGJjOTc1NGU2NTlmMTI1"}
[INFO]-[2020-08-04 13:40:59,529]-日志信息:替换后请求地址：https://sharpsit.jusdaglobal.com/api/login,请求参数：{'grant_type': 'password', 'username': 'alex', 'password': '948542b99a45de7ced6b6df6830dbb0a', 'tenant_code': 'SHARP'},
[INFO]-[2020-08-04 13:40:59,530]-日志信息:替换后请求文件参数：，请求头：{'content-type': 'application/x-www-form-urlencoded;charset=UTF-8', 'authorization': 'Basic Y2xpZW50OjYyNjA4ZTA4YWRjMjlhOGQ2ZGJjOTc1NGU2NTlmMTI1'}
[DEBUG]-[2020-08-04 13:40:59,538]-日志信息:Starting new HTTPS connection (1): sharpsit.jusdaglobal.com:443
[DEBUG]-[2020-08-04 13:40:59,836]-日志信息:https://sharpsit.jusdaglobal.com:443 "POST /api/login?grant_type=password&username=alex&password=948542b99a45de7ced6b6df6830dbb0a&tenant_code=SHARP HTTP/1.1" 200 None
[INFO]-[2020-08-04 13:40:59,840]-日志信息:响应结果是：{'access_token': 'eyJhbGciOiJSUzI1NiIsInR5cCI6IkpXVCJ9.eyJjb3VudHJ5X2NvZGUiOiJKUCIsImxvY2FsZV9jb2RlIjoiZW5fVVMiLCJ1c2VyX25hbWUiOiJhbGV4Iiwic2NvcGUiOlsiZm9vIiwicmVhZCIsIndyaXRlIl0sImFwcGxpY2F0aW9uX2NvZGUiOiJJREVBUyIsImV4cCI6MTU5NjU1NTY1OSwidXNlcmFjY291bnRfaWQiOiJVQUNfMTAwNDczIiwianRpIjoiMzRmYmI5ZjAtMjk5Ny00YzE1LWFjMWItOWQ5N2ZiYmFjODNmIiwiY2xpZW50X2lkIjoiY2xpZW50IiwidGVuYW50X2NvZGUiOiJTSEFSUCJ9.S24jPID928S6sdulSjx17c7bburw4JweB3ZrutTE3I0DeT6sTew42POjncK4eUFvsN_XwrY4Yzy8AycAU-jo6wGzd35zqrSJi5n3bXY4QOdlXxfBNhWCcAGKWdSBZL1szhNnjo1PTgLUWiK7fDDtavXphox5ZwAGBpJRxEBalaoNbxleSQtxPSvQCypNxter0y9MwjoAHllI-ftnW47kh5nAtLksC2S1BZLk14AJcrKNsJDMuRiZiDx3N6E4GhZ8SoT1csHmS9Hu5YCU6i17ko4i9DwRnizE1Id6Ea9HSYwhdVqGi3-U72R7-HmoXcAETkRCPuBcbulSnHBwiGBMmg', 'token_type': 'bearer', 'refresh_token': 'eyJhbGciOiJSUzI1NiIsInR5cCI6IkpXVCJ9.eyJjb3VudHJ5X2NvZGUiOiJKUCIsImxvY2FsZV9jb2RlIjoiZW5fVVMiLCJ1c2VyX25hbWUiOiJhbGV4Iiwic2NvcGUiOlsiZm9vIiwicmVhZCIsIndyaXRlIl0sImF0aSI6IjM0ZmJiOWYwLTI5OTctNGMxNS1hYzFiLTlkOTdmYmJhYzgzZiIsImFwcGxpY2F0aW9uX2NvZGUiOiJJREVBUyIsImV4cCI6MTU5NjU1NTY1OSwidXNlcmFjY291bnRfaWQiOiJVQUNfMTAwNDczIiwianRpIjoiYzUxNzgyMmMtMGJjYS00ZDk4LWJjOTctZDAyMjlhY2Q4ZmVmIiwiY2xpZW50X2lkIjoiY2xpZW50IiwidGVuYW50X2NvZGUiOiJTSEFSUCJ9.LJFwE6scrH_4C2Y5ldH6PtZPmlTn0IHcn7pYDFzhZD8bHKaA71Gbxwu39T324XShlfpbI_ML4eI6kaGVlEbh3oi9XsF6zq4m2iN6JV9OOJzgnWgMaFOY-Tv22rS2rnLdQL6jNHxYAW-FBYkptEt9sln6IdhJAvLnVOayhD2oRS5k98UKLI81uzy8UC_UHUKxvbPGU7SB8yaqKIoyztoWCV9pqcSEKLjQXTxjDPiX7sAAC1sk0TTYieg8cgclPI_hOvl7y99hngx9MowvnWxD4dMxlr-VijCLq-Hct4EmfS0nuhH_i955iL6ag45CRJquo4gp5-hpASLQeegLFFs2Fw', 'expires_in': 35999, 'scope': 'foo read write', 'tenant_code': 'SHARP', 'useraccount_id': 'UAC_100473', 'application_code': 'IDEAS', 'locale_code': 'en_US', 'country_code': 'JP', 'jti': '34fbb9f0-2997-4c15-ac1b-9d97fbbac83f'}
[INFO]-[2020-08-04 13:40:59,842]-日志信息:全局变量:{'token_type': 'bearer', 'access_token': 'eyJhbGciOiJSUzI1NiIsInR5cCI6IkpXVCJ9.eyJjb3VudHJ5X2NvZGUiOiJKUCIsImxvY2FsZV9jb2RlIjoiZW5fVVMiLCJ1c2VyX25hbWUiOiJhbGV4Iiwic2NvcGUiOlsiZm9vIiwicmVhZCIsIndyaXRlIl0sImFwcGxpY2F0aW9uX2NvZGUiOiJJREVBUyIsImV4cCI6MTU5NjU1NTY1OSwidXNlcmFjY291bnRfaWQiOiJVQUNfMTAwNDczIiwianRpIjoiMzRmYmI5ZjAtMjk5Ny00YzE1LWFjMWItOWQ5N2ZiYmFjODNmIiwiY2xpZW50X2lkIjoiY2xpZW50IiwidGVuYW50X2NvZGUiOiJTSEFSUCJ9.S24jPID928S6sdulSjx17c7bburw4JweB3ZrutTE3I0DeT6sTew42POjncK4eUFvsN_XwrY4Yzy8AycAU-jo6wGzd35zqrSJi5n3bXY4QOdlXxfBNhWCcAGKWdSBZL1szhNnjo1PTgLUWiK7fDDtavXphox5ZwAGBpJRxEBalaoNbxleSQtxPSvQCypNxter0y9MwjoAHllI-ftnW47kh5nAtLksC2S1BZLk14AJcrKNsJDMuRiZiDx3N6E4GhZ8SoT1csHmS9Hu5YCU6i17ko4i9DwRnizE1Id6Ea9HSYwhdVqGi3-U72R7-HmoXcAETkRCPuBcbulSnHBwiGBMmg'}
[INFO]-[2020-08-04 13:40:59,842]-日志信息:实际结果是：["\"bearer\"==\"bearer\""]
[INFO]-[2020-08-04 13:40:59,842]-日志信息:正在执行：第2条用例，
[INFO]-[2020-08-04 13:40:59,843]-日志信息:替换前请求地址：https://sharpsit.jusdaglobal.com/api/purchase-orders,替换前请求参数：{"accept":"application/json,text/plain,*/*","authorization":"{$.token_type} {$.access_token}"},
[INFO]-[2020-08-04 13:40:59,843]-日志信息:替换前请求文件参数：''，请求头：{"page":"-1","size":"20","sort":"poNo"}
[ERROR]-[2020-08-04 13:40:59,843]-日志信息:你的查找值可能是None或者是false，或查看你的jsonpath是否正确
[ERROR]-[2020-08-04 13:40:59,843]-日志信息:excel中被替换数据中的jsonpath格式可能有问题，请检查
[INFO]-[2020-08-04 13:40:59,843]-日志信息:替换后请求地址：https://sharpsit.jusdaglobal.com/api/purchase-orders,请求参数：{'accept': 'application/json,text/plain,*/*', 'authorization': '{$.token_type} {$.access_token}'},
[INFO]-[2020-08-04 13:40:59,844]-日志信息:替换后请求文件参数：，请求头：{'page': '-1', 'size': '20', 'sort': 'poNo'}
[DEBUG]-[2020-08-04 13:40:59,847]-日志信息:Starting new HTTPS connection (1): sharpsit.jusdaglobal.com:443
[DEBUG]-[2020-08-04 13:41:00,018]-日志信息:https://sharpsit.jusdaglobal.com:443 "GET /api/purchase-orders?accept=application%2Fjson%2Ctext%2Fplain%2C%2A%2F%2A&authorization=%7B%24.token_type%7D+%7B%24.access_token%7D HTTP/1.1" 404 None
[INFO]-[2020-08-04 13:41:00,025]-日志信息:响应结果是：{'msg': 'not matched service instance for SHARP-MASTER', 'time': '2020-08-04T13:39:48.470'}
[ERROR]-[2020-08-04 13:41:00,025]-日志信息:你的查找值可能是None或者是false，或查看你的jsonpath是否正确
[ERROR]-[2020-08-04 13:41:00,025]-日志信息:excel中被替换数据中的jsonpath格式可能有问题，请检查
