[INFO]-[2020-08-04 10:53:02,222]-日志信息:正在执行：第1条用例，
[INFO]-[2020-08-04 10:53:02,222]-日志信息:替换前请求地址：https://sharpsit.jusdaglobal.com/api/login,替换前请求参数：{"grant_type":"password","username":"alex","password":"948542b99a45de7ced6b6df6830dbb0a","tenant_code":"SHARP"},
[INFO]-[2020-08-04 10:53:02,222]-日志信息:替换前请求文件参数：''，请求头：{"content-type":"application/x-www-form-urlencoded;charset=UTF-8","authorization":"Basic Y2xpZW50OjYyNjA4ZTA4YWRjMjlhOGQ2ZGJjOTc1NGU2NTlmMTI1"}
[INFO]-[2020-08-04 10:53:02,223]-日志信息:替换后请求地址：https://sharpsit.jusdaglobal.com/api/login,请求参数：{'grant_type': 'password', 'username': 'alex', 'password': '948542b99a45de7ced6b6df6830dbb0a', 'tenant_code': 'SHARP'},
[INFO]-[2020-08-04 10:53:02,228]-日志信息:替换后请求文件参数：，请求头：{'content-type': 'application/x-www-form-urlencoded;charset=UTF-8', 'authorization': 'Basic Y2xpZW50OjYyNjA4ZTA4YWRjMjlhOGQ2ZGJjOTc1NGU2NTlmMTI1'}
[DEBUG]-[2020-08-04 10:53:02,239]-日志信息:Starting new HTTPS connection (1): sharpsit.jusdaglobal.com:443
[DEBUG]-[2020-08-04 10:53:02,484]-日志信息:https://sharpsit.jusdaglobal.com:443 "POST /api/login?grant_type=password&username=alex&password=948542b99a45de7ced6b6df6830dbb0a&tenant_code=SHARP HTTP/1.1" 200 None
[INFO]-[2020-08-04 10:53:02,490]-日志信息:响应结果是：{'access_token': 'eyJhbGciOiJSUzI1NiIsInR5cCI6IkpXVCJ9.eyJjb3VudHJ5X2NvZGUiOiJKUCIsImxvY2FsZV9jb2RlIjoiZW5fVVMiLCJ1c2VyX25hbWUiOiJhbGV4Iiwic2NvcGUiOlsiZm9vIiwicmVhZCIsIndyaXRlIl0sImFwcGxpY2F0aW9uX2NvZGUiOiJJREVBUyIsImV4cCI6MTU5NjU0NTU4MiwidXNlcmFjY291bnRfaWQiOiJVQUNfMTAwNDczIiwianRpIjoiZGI1NzhiOTgtN2M0Ny00MjNhLWEyNGYtNWE1N2E5MjdlNzAxIiwiY2xpZW50X2lkIjoiY2xpZW50IiwidGVuYW50X2NvZGUiOiJTSEFSUCJ9.Wb9otE4ZWtct2520Jkai1CUpGAO1AyoAtqQ411KA7jLFHifeAxFhuMD7MAKGfBayCrLmy6hl3uMlAoOYGzmk22gOxsnnHPNvg_v902ouDHscwW6e5KFrvtQ1QJttiJpRK73x3lMAKJyV7hGcVyCnAsKKx8Wz8519gfBJR8YZVBm2mKkmAPsEp_XdT6sEawxmpY8LDXUe0Q0AO7O-ktakbDFrmB2wxS03GN-Lh0nS43z2AgoYhEw3-l_VziR7sjP9MJw61bFZ9fGesEMhbsLDfXdSxVpTmxy3i-5eGy18lEHkVaMLm6OTaIOTpTkfCopS7fNK4zHrFpewSqwZhMNmNg', 'token_type': 'bearer', 'refresh_token': 'eyJhbGciOiJSUzI1NiIsInR5cCI6IkpXVCJ9.eyJjb3VudHJ5X2NvZGUiOiJKUCIsImxvY2FsZV9jb2RlIjoiZW5fVVMiLCJ1c2VyX25hbWUiOiJhbGV4Iiwic2NvcGUiOlsiZm9vIiwicmVhZCIsIndyaXRlIl0sImF0aSI6ImRiNTc4Yjk4LTdjNDctNDIzYS1hMjRmLTVhNTdhOTI3ZTcwMSIsImFwcGxpY2F0aW9uX2NvZGUiOiJJREVBUyIsImV4cCI6MTU5NjU0NTU4MiwidXNlcmFjY291bnRfaWQiOiJVQUNfMTAwNDczIiwianRpIjoiMDUwZmVkYWQtYzA0NS00MzUzLWJlYzUtNzVlMmE2MGNjNjM4IiwiY2xpZW50X2lkIjoiY2xpZW50IiwidGVuYW50X2NvZGUiOiJTSEFSUCJ9.dhvv-njPp_BcIgUX2qKcGbfezuNPqZLR7pDl0wOK_RMK0eu1j_D5FkwaNOm5GngTUMMWATJTX6eZpsgnFXB7O41m1SmIyMLoQBqNRLwQz4WOuad4YzGmx0vmFrK8J1wWsvBk-QyZhlYGL3upuEOe3OG9W_7dq3VBN-wU5rgAvRNazuUFrS6slmj3bRXKo5PWBpy9u0KSuqw58V922MvI8a0VWPJgmZLGXB5YdY7Odq9ZTCFdW_ibM9R6ZU0nXMqbZEMWs80RBzhrOE3s2QoGJaT5b6Aosy3sOLzWMUy_Q0Ll5Y6lzJG2rp4O0zRRvUlmze8ov2_c0LVkMGQE8--RJA', 'expires_in': 35999, 'scope': 'foo read write', 'tenant_code': 'SHARP', 'useraccount_id': 'UAC_100473', 'application_code': 'IDEAS', 'locale_code': 'en_US', 'country_code': 'JP', 'jti': 'db578b98-7c47-423a-a24f-5a57a927e701'}
[INFO]-[2020-08-04 10:53:02,492]-日志信息:全局变量:{'token_type': 'bearer', 'access_token': 'eyJhbGciOiJSUzI1NiIsInR5cCI6IkpXVCJ9.eyJjb3VudHJ5X2NvZGUiOiJKUCIsImxvY2FsZV9jb2RlIjoiZW5fVVMiLCJ1c2VyX25hbWUiOiJhbGV4Iiwic2NvcGUiOlsiZm9vIiwicmVhZCIsIndyaXRlIl0sImFwcGxpY2F0aW9uX2NvZGUiOiJJREVBUyIsImV4cCI6MTU5NjU0NTU4MiwidXNlcmFjY291bnRfaWQiOiJVQUNfMTAwNDczIiwianRpIjoiZGI1NzhiOTgtN2M0Ny00MjNhLWEyNGYtNWE1N2E5MjdlNzAxIiwiY2xpZW50X2lkIjoiY2xpZW50IiwidGVuYW50X2NvZGUiOiJTSEFSUCJ9.Wb9otE4ZWtct2520Jkai1CUpGAO1AyoAtqQ411KA7jLFHifeAxFhuMD7MAKGfBayCrLmy6hl3uMlAoOYGzmk22gOxsnnHPNvg_v902ouDHscwW6e5KFrvtQ1QJttiJpRK73x3lMAKJyV7hGcVyCnAsKKx8Wz8519gfBJR8YZVBm2mKkmAPsEp_XdT6sEawxmpY8LDXUe0Q0AO7O-ktakbDFrmB2wxS03GN-Lh0nS43z2AgoYhEw3-l_VziR7sjP9MJw61bFZ9fGesEMhbsLDfXdSxVpTmxy3i-5eGy18lEHkVaMLm6OTaIOTpTkfCopS7fNK4zHrFpewSqwZhMNmNg'}
[ERROR]-[2020-08-04 10:53:02,493]-日志信息:excel中被替换数据中的jsonpath格式可能有问题，请检查
[INFO]-[2020-08-04 10:53:02,493]-日志信息:正在执行：第2条用例，
[INFO]-[2020-08-04 10:53:02,493]-日志信息:替换前请求地址：https://sharpsit.jusdaglobal.com/api/purchase-orders,替换前请求参数：{"accept":"application/json,text/plain,*/*","authorization":"{$.token_type} {$.access_token}"},
[INFO]-[2020-08-04 10:53:02,494]-日志信息:替换前请求文件参数：''，请求头：{"page":"-1","size":"20","sort":"poNo"}
[ERROR]-[2020-08-04 10:53:02,494]-日志信息:你的查找值可能是None或者是false，或查看你的jsonpath是否正确
[ERROR]-[2020-08-04 10:53:02,495]-日志信息:excel中被替换数据中的jsonpath格式可能有问题，请检查
[INFO]-[2020-08-04 10:53:02,495]-日志信息:替换后请求地址：https://sharpsit.jusdaglobal.com/api/purchase-orders,请求参数：{'accept': 'application/json,text/plain,*/*', 'authorization': '{$.token_type} {$.access_token}'},
[INFO]-[2020-08-04 10:53:02,495]-日志信息:替换后请求文件参数：，请求头：{'page': '-1', 'size': '20', 'sort': 'poNo'}
[DEBUG]-[2020-08-04 10:53:02,498]-日志信息:Starting new HTTPS connection (1): sharpsit.jusdaglobal.com:443
[DEBUG]-[2020-08-04 10:53:02,666]-日志信息:https://sharpsit.jusdaglobal.com:443 "GET /api/purchase-orders?accept=application%2Fjson%2Ctext%2Fplain%2C%2A%2F%2A&authorization=%7B%24.token_type%7D+%7B%24.access_token%7D HTTP/1.1" 404 None
[INFO]-[2020-08-04 10:53:02,672]-日志信息:响应结果是：{'msg': 'not matched service instance for SHARP-MASTER', 'time': '2020-08-04T10:51:51.418'}
[ERROR]-[2020-08-04 10:53:02,672]-日志信息:你的查找值可能是None或者是false，或查看你的jsonpath是否正确
[ERROR]-[2020-08-04 10:53:02,673]-日志信息:excel中被替换数据中的jsonpath格式可能有问题，请检查
