[INFO]-[2020-08-04 11:30:57,001]-日志信息:正在执行：第1条用例，
[INFO]-[2020-08-04 11:30:57,002]-日志信息:替换前请求地址：https://sharpsit.jusdaglobal.com/api/login,替换前请求参数：{"grant_type":"password","username":"alex","password":"948542b99a45de7ced6b6df6830dbb0a","tenant_code":"SHARP"},
[INFO]-[2020-08-04 11:30:57,002]-日志信息:替换前请求文件参数：''，请求头：{"content-type":"application/x-www-form-urlencoded;charset=UTF-8","authorization":"Basic Y2xpZW50OjYyNjA4ZTA4YWRjMjlhOGQ2ZGJjOTc1NGU2NTlmMTI1"}
[INFO]-[2020-08-04 11:30:57,003]-日志信息:替换后请求地址：https://sharpsit.jusdaglobal.com/api/login,请求参数：{'grant_type': 'password', 'username': 'alex', 'password': '948542b99a45de7ced6b6df6830dbb0a', 'tenant_code': 'SHARP'},
[INFO]-[2020-08-04 11:30:57,018]-日志信息:替换后请求文件参数：，请求头：{'content-type': 'application/x-www-form-urlencoded;charset=UTF-8', 'authorization': 'Basic Y2xpZW50OjYyNjA4ZTA4YWRjMjlhOGQ2ZGJjOTc1NGU2NTlmMTI1'}
[DEBUG]-[2020-08-04 11:30:57,031]-日志信息:Starting new HTTPS connection (1): sharpsit.jusdaglobal.com:443
[DEBUG]-[2020-08-04 11:30:57,318]-日志信息:https://sharpsit.jusdaglobal.com:443 "POST /api/login?grant_type=password&username=alex&password=948542b99a45de7ced6b6df6830dbb0a&tenant_code=SHARP HTTP/1.1" 200 None
[INFO]-[2020-08-04 11:30:57,322]-日志信息:响应结果是：{'access_token': 'eyJhbGciOiJSUzI1NiIsInR5cCI6IkpXVCJ9.eyJjb3VudHJ5X2NvZGUiOiJKUCIsImxvY2FsZV9jb2RlIjoiZW5fVVMiLCJ1c2VyX25hbWUiOiJhbGV4Iiwic2NvcGUiOlsiZm9vIiwicmVhZCIsIndyaXRlIl0sImFwcGxpY2F0aW9uX2NvZGUiOiJJREVBUyIsImV4cCI6MTU5NjU0Nzg1NywidXNlcmFjY291bnRfaWQiOiJVQUNfMTAwNDczIiwianRpIjoiNzVlZGM5MGUtMGQwNS00ZWFkLThlNTgtMjQxZjQ4Njk4MDliIiwiY2xpZW50X2lkIjoiY2xpZW50IiwidGVuYW50X2NvZGUiOiJTSEFSUCJ9.O2kDxrbdcr28RH9BAldtfwGgyK3ebQ9UDNOKb5uWYFDF2cNQcQwF3j6NdkgUAwH9-H1tXz8rRKflWsG5xm1X0ya9vUJzNRBP2hpMfXJDQAmiHcSjluC4o0ene84xNrdb8pBuh1-gefl7ykWIQbl5FUmYaThRFwVoLS1t_qvh8rKMqKZ_FXrdLQpdjNE0xeNgEY0vGLA2CaZvdF3B1lMn4g99cQCPxguBZ0fgft1aGuPBZVMdnOMzJaC2D40TZr2srCDhNFtUr0aRLQ9GLDvJB-iPZJWRywMHSw3Hjxwr_U3BXSYHdxsS8d5jhf8Z77Cw0x44wWI9PBObq17HmvalkQ', 'token_type': 'bearer', 'refresh_token': 'eyJhbGciOiJSUzI1NiIsInR5cCI6IkpXVCJ9.eyJjb3VudHJ5X2NvZGUiOiJKUCIsImxvY2FsZV9jb2RlIjoiZW5fVVMiLCJ1c2VyX25hbWUiOiJhbGV4Iiwic2NvcGUiOlsiZm9vIiwicmVhZCIsIndyaXRlIl0sImF0aSI6Ijc1ZWRjOTBlLTBkMDUtNGVhZC04ZTU4LTI0MWY0ODY5ODA5YiIsImFwcGxpY2F0aW9uX2NvZGUiOiJJREVBUyIsImV4cCI6MTU5NjU0Nzg1NywidXNlcmFjY291bnRfaWQiOiJVQUNfMTAwNDczIiwianRpIjoiYzBiYWM3NjItNzM5Ny00ZmMyLWE2NTItMDNmYjdiNjBkNWE0IiwiY2xpZW50X2lkIjoiY2xpZW50IiwidGVuYW50X2NvZGUiOiJTSEFSUCJ9.VIVmF4oWQv78U1ZpQUaVAfwdCAN3aYn7cCTLCgUn-jVuzprMN62FQnzGPabYNVhchJdXy_2L9Jf5Cz_iVUAvLjGDXKoBM9cA9K_THoNSyPcqsF_fphLsdPf306jfHlsLma1c-N77WwF85XRa-kEETjeuAtyfwul6BZe7HDPNC-sHOs_qFRt2pgYxMThzKNPlZPRByQnvgBJY8dPSbk3-GXUIQcjzAVCqT7_aMbC5bF1pa1MtgMr_VdlRYC8nkEQsyjyvjL_9nY2YO_QzJa_EWzVslMSNfUCF-7JIMfl9HcvH0lLou-z4PE2KxeuWZ8I-PvfW3moL6yYk-cw7-92fdg', 'expires_in': 35999, 'scope': 'foo read write', 'tenant_code': 'SHARP', 'useraccount_id': 'UAC_100473', 'application_code': 'IDEAS', 'locale_code': 'en_US', 'country_code': 'JP', 'jti': '75edc90e-0d05-4ead-8e58-241f4869809b'}
[INFO]-[2020-08-04 11:30:57,324]-日志信息:全局变量:{'token_type': 'bearer', 'access_token': 'eyJhbGciOiJSUzI1NiIsInR5cCI6IkpXVCJ9.eyJjb3VudHJ5X2NvZGUiOiJKUCIsImxvY2FsZV9jb2RlIjoiZW5fVVMiLCJ1c2VyX25hbWUiOiJhbGV4Iiwic2NvcGUiOlsiZm9vIiwicmVhZCIsIndyaXRlIl0sImFwcGxpY2F0aW9uX2NvZGUiOiJJREVBUyIsImV4cCI6MTU5NjU0Nzg1NywidXNlcmFjY291bnRfaWQiOiJVQUNfMTAwNDczIiwianRpIjoiNzVlZGM5MGUtMGQwNS00ZWFkLThlNTgtMjQxZjQ4Njk4MDliIiwiY2xpZW50X2lkIjoiY2xpZW50IiwidGVuYW50X2NvZGUiOiJTSEFSUCJ9.O2kDxrbdcr28RH9BAldtfwGgyK3ebQ9UDNOKb5uWYFDF2cNQcQwF3j6NdkgUAwH9-H1tXz8rRKflWsG5xm1X0ya9vUJzNRBP2hpMfXJDQAmiHcSjluC4o0ene84xNrdb8pBuh1-gefl7ykWIQbl5FUmYaThRFwVoLS1t_qvh8rKMqKZ_FXrdLQpdjNE0xeNgEY0vGLA2CaZvdF3B1lMn4g99cQCPxguBZ0fgft1aGuPBZVMdnOMzJaC2D40TZr2srCDhNFtUr0aRLQ9GLDvJB-iPZJWRywMHSw3Hjxwr_U3BXSYHdxsS8d5jhf8Z77Cw0x44wWI9PBObq17HmvalkQ'}
[ERROR]-[2020-08-04 11:30:57,324]-日志信息:excel中被替换数据中的jsonpath格式可能有问题，请检查
[INFO]-[2020-08-04 11:30:57,325]-日志信息:实际结果是：['"{$.token_type}"=="bearer"', '"data"==10']
[INFO]-[2020-08-04 11:30:57,325]-日志信息:正在执行：第2条用例，
[INFO]-[2020-08-04 11:30:57,325]-日志信息:替换前请求地址：https://sharpsit.jusdaglobal.com/api/purchase-orders,替换前请求参数：{"accept":"application/json,text/plain,*/*","authorization":"{$.token_type} {$.access_token}"},
[INFO]-[2020-08-04 11:30:57,325]-日志信息:替换前请求文件参数：''，请求头：{"page":"-1","size":"20","sort":"poNo"}
[ERROR]-[2020-08-04 11:30:57,326]-日志信息:你的查找值可能是None或者是false，或查看你的jsonpath是否正确
[ERROR]-[2020-08-04 11:30:57,326]-日志信息:excel中被替换数据中的jsonpath格式可能有问题，请检查
[INFO]-[2020-08-04 11:30:57,327]-日志信息:替换后请求地址：https://sharpsit.jusdaglobal.com/api/purchase-orders,请求参数：{'accept': 'application/json,text/plain,*/*', 'authorization': '{$.token_type} {$.access_token}'},
[INFO]-[2020-08-04 11:30:57,327]-日志信息:替换后请求文件参数：，请求头：{'page': '-1', 'size': '20', 'sort': 'poNo'}
[DEBUG]-[2020-08-04 11:30:57,330]-日志信息:Starting new HTTPS connection (1): sharpsit.jusdaglobal.com:443
[DEBUG]-[2020-08-04 11:30:57,502]-日志信息:https://sharpsit.jusdaglobal.com:443 "GET /api/purchase-orders?accept=application%2Fjson%2Ctext%2Fplain%2C%2A%2F%2A&authorization=%7B%24.token_type%7D+%7B%24.access_token%7D HTTP/1.1" 404 None
[INFO]-[2020-08-04 11:30:57,507]-日志信息:响应结果是：{'msg': 'not matched service instance for SHARP-MASTER', 'time': '2020-08-04T11:29:46.195'}
[ERROR]-[2020-08-04 11:30:57,508]-日志信息:你的查找值可能是None或者是false，或查看你的jsonpath是否正确
[ERROR]-[2020-08-04 11:30:57,508]-日志信息:excel中被替换数据中的jsonpath格式可能有问题，请检查
