[INFO]-[2020-08-04 11:54:13,952]-日志信息:正在执行：第1条用例，
[INFO]-[2020-08-04 11:54:13,952]-日志信息:替换前请求地址：https://sharpsit.jusdaglobal.com/api/login,替换前请求参数：{"grant_type":"password","username":"alex","password":"948542b99a45de7ced6b6df6830dbb0a","tenant_code":"SHARP"},
[INFO]-[2020-08-04 11:54:13,953]-日志信息:替换前请求文件参数：''，请求头：{"content-type":"application/x-www-form-urlencoded;charset=UTF-8","authorization":"Basic Y2xpZW50OjYyNjA4ZTA4YWRjMjlhOGQ2ZGJjOTc1NGU2NTlmMTI1"}
[INFO]-[2020-08-04 11:54:13,953]-日志信息:替换后请求地址：https://sharpsit.jusdaglobal.com/api/login,请求参数：{'grant_type': 'password', 'username': 'alex', 'password': '948542b99a45de7ced6b6df6830dbb0a', 'tenant_code': 'SHARP'},
[INFO]-[2020-08-04 11:54:13,956]-日志信息:替换后请求文件参数：，请求头：{'content-type': 'application/x-www-form-urlencoded;charset=UTF-8', 'authorization': 'Basic Y2xpZW50OjYyNjA4ZTA4YWRjMjlhOGQ2ZGJjOTc1NGU2NTlmMTI1'}
[DEBUG]-[2020-08-04 11:54:13,963]-日志信息:Starting new HTTPS connection (1): sharpsit.jusdaglobal.com:443
[DEBUG]-[2020-08-04 11:54:14,265]-日志信息:https://sharpsit.jusdaglobal.com:443 "POST /api/login?grant_type=password&username=alex&password=948542b99a45de7ced6b6df6830dbb0a&tenant_code=SHARP HTTP/1.1" 200 None
[INFO]-[2020-08-04 11:54:14,270]-日志信息:响应结果是：{'access_token': 'eyJhbGciOiJSUzI1NiIsInR5cCI6IkpXVCJ9.eyJjb3VudHJ5X2NvZGUiOiJKUCIsImxvY2FsZV9jb2RlIjoiZW5fVVMiLCJ1c2VyX25hbWUiOiJhbGV4Iiwic2NvcGUiOlsiZm9vIiwicmVhZCIsIndyaXRlIl0sImFwcGxpY2F0aW9uX2NvZGUiOiJJREVBUyIsImV4cCI6MTU5NjU0OTI1NCwidXNlcmFjY291bnRfaWQiOiJVQUNfMTAwNDczIiwianRpIjoiNTI4YTc1YjctYTUwOS00NTkyLThjMjItZWE4MjlhZTViYzE4IiwiY2xpZW50X2lkIjoiY2xpZW50IiwidGVuYW50X2NvZGUiOiJTSEFSUCJ9.NQKP56ERQxhIL9hSSqUtHSLtaXXGCVMBQboPUu1wqiXe-g4tp_rUW3OvzmI1LS0_-0MAJrkBYuu_3EzPdDC6u5ZI1Ai_tCQsA_nDBsvIJCULqtpoTheBaUyX2eKQQfZSbU2hauh9_WGY1GaexDJwlPhGME3J1hfUvouBzWV7xoQIcPzFf8dmmZgcwZEYgS4yd863w5UFbtyQZB2mommKu60zE12_6Xytiq12QcqNEpVOCLpW0VUsTOhFKpYv6h20cWjia5nQUn59SW9UWTq6g6CSp745OJWYE2YPAZJGMZY_3cgqDDZSG1RQcHCy9wGgVyGG-8_cSetxr197j0grtg', 'token_type': 'bearer', 'refresh_token': 'eyJhbGciOiJSUzI1NiIsInR5cCI6IkpXVCJ9.eyJjb3VudHJ5X2NvZGUiOiJKUCIsImxvY2FsZV9jb2RlIjoiZW5fVVMiLCJ1c2VyX25hbWUiOiJhbGV4Iiwic2NvcGUiOlsiZm9vIiwicmVhZCIsIndyaXRlIl0sImF0aSI6IjUyOGE3NWI3LWE1MDktNDU5Mi04YzIyLWVhODI5YWU1YmMxOCIsImFwcGxpY2F0aW9uX2NvZGUiOiJJREVBUyIsImV4cCI6MTU5NjU0OTI1NCwidXNlcmFjY291bnRfaWQiOiJVQUNfMTAwNDczIiwianRpIjoiOGE5NmNmMjYtN2Y4YS00NmIwLTg3YmMtODJmNWQwZWNlNWQ5IiwiY2xpZW50X2lkIjoiY2xpZW50IiwidGVuYW50X2NvZGUiOiJTSEFSUCJ9.kDOrUGGZKgpPU79ICPTtwLD7mqiOw6ir-2FP0k-wZkZ7EGOM68ALcA9PwcvIBxlTP6ptguUy8cLuWjcB10gyY3kSHsuJXGO8ydnLNMSt7JjSZjeK2jKqRlubmGjOIoks9ncnRUbYY-cCDyL_vYa8nxvFLN-yHvVE-yUQpLRBVYPAZpefguKWNVb2fUssxEY-0c64jsOxsri9VycevmV3KcIy6EtW2eFC4wQL0f0MkhCfpNoL6Ev5pxeFSJQ0ONfD7RR0lYxStkfoVKbsdPp-er7EPVcc91MKgxtAhWJ7Gj1OPP-hAFgxqNnJ_ctWc5aVIHLijnfuR6BUYu_bHpjC9w', 'expires_in': 35999, 'scope': 'foo read write', 'tenant_code': 'SHARP', 'useraccount_id': 'UAC_100473', 'application_code': 'IDEAS', 'locale_code': 'en_US', 'country_code': 'JP', 'jti': '528a75b7-a509-4592-8c22-ea829ae5bc18'}
[INFO]-[2020-08-04 11:54:14,271]-日志信息:全局变量:{'token_type': 'bearer', 'access_token': 'eyJhbGciOiJSUzI1NiIsInR5cCI6IkpXVCJ9.eyJjb3VudHJ5X2NvZGUiOiJKUCIsImxvY2FsZV9jb2RlIjoiZW5fVVMiLCJ1c2VyX25hbWUiOiJhbGV4Iiwic2NvcGUiOlsiZm9vIiwicmVhZCIsIndyaXRlIl0sImFwcGxpY2F0aW9uX2NvZGUiOiJJREVBUyIsImV4cCI6MTU5NjU0OTI1NCwidXNlcmFjY291bnRfaWQiOiJVQUNfMTAwNDczIiwianRpIjoiNTI4YTc1YjctYTUwOS00NTkyLThjMjItZWE4MjlhZTViYzE4IiwiY2xpZW50X2lkIjoiY2xpZW50IiwidGVuYW50X2NvZGUiOiJTSEFSUCJ9.NQKP56ERQxhIL9hSSqUtHSLtaXXGCVMBQboPUu1wqiXe-g4tp_rUW3OvzmI1LS0_-0MAJrkBYuu_3EzPdDC6u5ZI1Ai_tCQsA_nDBsvIJCULqtpoTheBaUyX2eKQQfZSbU2hauh9_WGY1GaexDJwlPhGME3J1hfUvouBzWV7xoQIcPzFf8dmmZgcwZEYgS4yd863w5UFbtyQZB2mommKu60zE12_6Xytiq12QcqNEpVOCLpW0VUsTOhFKpYv6h20cWjia5nQUn59SW9UWTq6g6CSp745OJWYE2YPAZJGMZY_3cgqDDZSG1RQcHCy9wGgVyGG-8_cSetxr197j0grtg'}
[INFO]-[2020-08-04 11:54:14,273]-日志信息:正在执行：第2条用例，
[INFO]-[2020-08-04 11:54:14,273]-日志信息:替换前请求地址：https://sharpsit.jusdaglobal.com/api/purchase-orders,替换前请求参数：{"accept":"application/json,text/plain,*/*","authorization":"{$.token_type} {$.access_token}"},
[INFO]-[2020-08-04 11:54:14,273]-日志信息:替换前请求文件参数：''，请求头：{"page":"-1","size":"20","sort":"poNo"}
[ERROR]-[2020-08-04 11:54:14,274]-日志信息:你的查找值可能是None或者是false，或查看你的jsonpath是否正确
[ERROR]-[2020-08-04 11:54:14,274]-日志信息:excel中被替换数据中的jsonpath格式可能有问题，请检查
[INFO]-[2020-08-04 11:54:14,274]-日志信息:替换后请求地址：https://sharpsit.jusdaglobal.com/api/purchase-orders,请求参数：{'accept': 'application/json,text/plain,*/*', 'authorization': '{$.token_type} {$.access_token}'},
[INFO]-[2020-08-04 11:54:14,274]-日志信息:替换后请求文件参数：，请求头：{'page': '-1', 'size': '20', 'sort': 'poNo'}
[DEBUG]-[2020-08-04 11:54:14,278]-日志信息:Starting new HTTPS connection (1): sharpsit.jusdaglobal.com:443
[DEBUG]-[2020-08-04 11:54:14,462]-日志信息:https://sharpsit.jusdaglobal.com:443 "GET /api/purchase-orders?accept=application%2Fjson%2Ctext%2Fplain%2C%2A%2F%2A&authorization=%7B%24.token_type%7D+%7B%24.access_token%7D HTTP/1.1" 404 None
[INFO]-[2020-08-04 11:54:14,467]-日志信息:响应结果是：{'msg': 'not matched service instance for SHARP-MASTER', 'time': '2020-08-04T11:53:03.113'}
[ERROR]-[2020-08-04 11:54:14,467]-日志信息:你的查找值可能是None或者是false，或查看你的jsonpath是否正确
[ERROR]-[2020-08-04 11:54:14,467]-日志信息:excel中被替换数据中的jsonpath格式可能有问题，请检查
