[INFO]-[2020-08-04 11:37:07,196]-日志信息:正在执行：第1条用例，
[INFO]-[2020-08-04 11:37:07,197]-日志信息:替换前请求地址：https://sharpsit.jusdaglobal.com/api/login,替换前请求参数：{"grant_type":"password","username":"alex","password":"948542b99a45de7ced6b6df6830dbb0a","tenant_code":"SHARP"},
[INFO]-[2020-08-04 11:37:07,197]-日志信息:替换前请求文件参数：''，请求头：{"content-type":"application/x-www-form-urlencoded;charset=UTF-8","authorization":"Basic Y2xpZW50OjYyNjA4ZTA4YWRjMjlhOGQ2ZGJjOTc1NGU2NTlmMTI1"}
[INFO]-[2020-08-04 11:37:07,197]-日志信息:替换后请求地址：https://sharpsit.jusdaglobal.com/api/login,请求参数：{'grant_type': 'password', 'username': 'alex', 'password': '948542b99a45de7ced6b6df6830dbb0a', 'tenant_code': 'SHARP'},
[INFO]-[2020-08-04 11:37:07,199]-日志信息:替换后请求文件参数：，请求头：{'content-type': 'application/x-www-form-urlencoded;charset=UTF-8', 'authorization': 'Basic Y2xpZW50OjYyNjA4ZTA4YWRjMjlhOGQ2ZGJjOTc1NGU2NTlmMTI1'}
[DEBUG]-[2020-08-04 11:37:07,207]-日志信息:Starting new HTTPS connection (1): sharpsit.jusdaglobal.com:443
[DEBUG]-[2020-08-04 11:37:07,417]-日志信息:https://sharpsit.jusdaglobal.com:443 "POST /api/login?grant_type=password&username=alex&password=948542b99a45de7ced6b6df6830dbb0a&tenant_code=SHARP HTTP/1.1" 200 None
[INFO]-[2020-08-04 11:37:07,422]-日志信息:响应结果是：{'access_token': 'eyJhbGciOiJSUzI1NiIsInR5cCI6IkpXVCJ9.eyJjb3VudHJ5X2NvZGUiOiJKUCIsImxvY2FsZV9jb2RlIjoiZW5fVVMiLCJ1c2VyX25hbWUiOiJhbGV4Iiwic2NvcGUiOlsiZm9vIiwicmVhZCIsIndyaXRlIl0sImFwcGxpY2F0aW9uX2NvZGUiOiJJREVBUyIsImV4cCI6MTU5NjU0ODIyNywidXNlcmFjY291bnRfaWQiOiJVQUNfMTAwNDczIiwianRpIjoiNzBmM2FmZGYtOGEwOS00Y2E0LWFmZTAtYmQ4ZjNlM2RmNDJlIiwiY2xpZW50X2lkIjoiY2xpZW50IiwidGVuYW50X2NvZGUiOiJTSEFSUCJ9.O2VdteAQtZXZnORb3xVofJINo089qGow9WSA0JPvAiv91ZT2utHk4l71XcgsvNelbPDHzNVWkmEZJd2YEDvAb66O-YMWKNcWW3ncxOlX1g0n7o8um_2jDiUBuwri3t1ddhDGcinHJ2aqPFXY1e4MZTec6R22eEIHWYjMo4-_c-XsKdKMNNSyX3tBG908kVRVljRsdpEQeCQPUE0ILcMA9sFcNxgCIZF4LSeceSzj7PMlNPtKm7nDlKXSfoo-p0O8xtme8fyRDLZu28UVIbTUiP3li4aaT_FbVs3zCt52_eES02qFrsQa-0DRVYJA1ZTPl4zvr53JgbfuKdPnIeq_yw', 'token_type': 'bearer', 'refresh_token': 'eyJhbGciOiJSUzI1NiIsInR5cCI6IkpXVCJ9.eyJjb3VudHJ5X2NvZGUiOiJKUCIsImxvY2FsZV9jb2RlIjoiZW5fVVMiLCJ1c2VyX25hbWUiOiJhbGV4Iiwic2NvcGUiOlsiZm9vIiwicmVhZCIsIndyaXRlIl0sImF0aSI6IjcwZjNhZmRmLThhMDktNGNhNC1hZmUwLWJkOGYzZTNkZjQyZSIsImFwcGxpY2F0aW9uX2NvZGUiOiJJREVBUyIsImV4cCI6MTU5NjU0ODIyNywidXNlcmFjY291bnRfaWQiOiJVQUNfMTAwNDczIiwianRpIjoiZWQ4MDgxN2QtYzk4OS00Yzg0LThjMmUtYjdmMWE4Njg2NTRjIiwiY2xpZW50X2lkIjoiY2xpZW50IiwidGVuYW50X2NvZGUiOiJTSEFSUCJ9.NyddQZticd99JVmr1VzAV0cF57bh203egdKNHi2ECO6YWhKqHNy4bihVbbDWuvcqgQRin-KIqo402LENnPe77eFlObGyndw1pOxX7KLrzPL6LsWz6Tl91p1u0_GV0elZn3iKhcRBzy5pldM4h0-GzKVZSZToCBcqtVtwJpQa3Qmadg1RbBX6_ig52krbDLP8npry4UCdAPwhIKaATPVLG5lGsfRRmmAZgqYFWs5U4irRjr1qmJVqYPKjwQ_IAVBkwtLrNaiHEQMuXga629zNSMWvSygSKk2db5dMmwXDU6BySoiKYvAQpbaNNLuC58xEBakTe3lVH-TN6qPcW_8oWA', 'expires_in': 35999, 'scope': 'foo read write', 'tenant_code': 'SHARP', 'useraccount_id': 'UAC_100473', 'application_code': 'IDEAS', 'locale_code': 'en_US', 'country_code': 'JP', 'jti': '70f3afdf-8a09-4ca4-afe0-bd8f3e3df42e'}
[INFO]-[2020-08-04 11:37:07,422]-日志信息:全局变量:{'token_type': 'bearer', 'access_token': 'eyJhbGciOiJSUzI1NiIsInR5cCI6IkpXVCJ9.eyJjb3VudHJ5X2NvZGUiOiJKUCIsImxvY2FsZV9jb2RlIjoiZW5fVVMiLCJ1c2VyX25hbWUiOiJhbGV4Iiwic2NvcGUiOlsiZm9vIiwicmVhZCIsIndyaXRlIl0sImFwcGxpY2F0aW9uX2NvZGUiOiJJREVBUyIsImV4cCI6MTU5NjU0ODIyNywidXNlcmFjY291bnRfaWQiOiJVQUNfMTAwNDczIiwianRpIjoiNzBmM2FmZGYtOGEwOS00Y2E0LWFmZTAtYmQ4ZjNlM2RmNDJlIiwiY2xpZW50X2lkIjoiY2xpZW50IiwidGVuYW50X2NvZGUiOiJTSEFSUCJ9.O2VdteAQtZXZnORb3xVofJINo089qGow9WSA0JPvAiv91ZT2utHk4l71XcgsvNelbPDHzNVWkmEZJd2YEDvAb66O-YMWKNcWW3ncxOlX1g0n7o8um_2jDiUBuwri3t1ddhDGcinHJ2aqPFXY1e4MZTec6R22eEIHWYjMo4-_c-XsKdKMNNSyX3tBG908kVRVljRsdpEQeCQPUE0ILcMA9sFcNxgCIZF4LSeceSzj7PMlNPtKm7nDlKXSfoo-p0O8xtme8fyRDLZu28UVIbTUiP3li4aaT_FbVs3zCt52_eES02qFrsQa-0DRVYJA1ZTPl4zvr53JgbfuKdPnIeq_yw'}
[ERROR]-[2020-08-04 11:37:07,422]-日志信息:excel中被替换数据中的jsonpath格式可能有问题，请检查
[INFO]-[2020-08-04 11:37:07,423]-日志信息:实际结果是：['"{$.token_type}"=="bearer"']
[INFO]-[2020-08-04 11:37:07,423]-日志信息:正在执行：第2条用例，
[INFO]-[2020-08-04 11:37:07,424]-日志信息:替换前请求地址：https://sharpsit.jusdaglobal.com/api/purchase-orders,替换前请求参数：{"accept":"application/json,text/plain,*/*","authorization":"{$.token_type} {$.access_token}"},
[INFO]-[2020-08-04 11:37:07,424]-日志信息:替换前请求文件参数：''，请求头：{"page":"-1","size":"20","sort":"poNo"}
[ERROR]-[2020-08-04 11:37:07,424]-日志信息:你的查找值可能是None或者是false，或查看你的jsonpath是否正确
[ERROR]-[2020-08-04 11:37:07,425]-日志信息:excel中被替换数据中的jsonpath格式可能有问题，请检查
[INFO]-[2020-08-04 11:37:07,425]-日志信息:替换后请求地址：https://sharpsit.jusdaglobal.com/api/purchase-orders,请求参数：{'accept': 'application/json,text/plain,*/*', 'authorization': '{$.token_type} {$.access_token}'},
[INFO]-[2020-08-04 11:37:07,425]-日志信息:替换后请求文件参数：，请求头：{'page': '-1', 'size': '20', 'sort': 'poNo'}
[DEBUG]-[2020-08-04 11:37:07,429]-日志信息:Starting new HTTPS connection (1): sharpsit.jusdaglobal.com:443
[DEBUG]-[2020-08-04 11:37:07,603]-日志信息:https://sharpsit.jusdaglobal.com:443 "GET /api/purchase-orders?accept=application%2Fjson%2Ctext%2Fplain%2C%2A%2F%2A&authorization=%7B%24.token_type%7D+%7B%24.access_token%7D HTTP/1.1" 404 None
[INFO]-[2020-08-04 11:37:07,609]-日志信息:响应结果是：{'msg': 'not matched service instance for SHARP-MASTER', 'time': '2020-08-04T11:35:56.274'}
[ERROR]-[2020-08-04 11:37:07,610]-日志信息:你的查找值可能是None或者是false，或查看你的jsonpath是否正确
[ERROR]-[2020-08-04 11:37:07,610]-日志信息:excel中被替换数据中的jsonpath格式可能有问题，请检查
