[INFO]-[2020-08-04 11:39:34,798]-日志信息:正在执行：第1条用例，
[INFO]-[2020-08-04 11:39:34,799]-日志信息:替换前请求地址：https://sharpsit.jusdaglobal.com/api/login,替换前请求参数：{"grant_type":"password","username":"alex","password":"948542b99a45de7ced6b6df6830dbb0a","tenant_code":"SHARP"},
[INFO]-[2020-08-04 11:39:34,799]-日志信息:替换前请求文件参数：''，请求头：{"content-type":"application/x-www-form-urlencoded;charset=UTF-8","authorization":"Basic Y2xpZW50OjYyNjA4ZTA4YWRjMjlhOGQ2ZGJjOTc1NGU2NTlmMTI1"}
[INFO]-[2020-08-04 11:39:34,800]-日志信息:替换后请求地址：https://sharpsit.jusdaglobal.com/api/login,请求参数：{'grant_type': 'password', 'username': 'alex', 'password': '948542b99a45de7ced6b6df6830dbb0a', 'tenant_code': 'SHARP'},
[INFO]-[2020-08-04 11:39:34,801]-日志信息:替换后请求文件参数：，请求头：{'content-type': 'application/x-www-form-urlencoded;charset=UTF-8', 'authorization': 'Basic Y2xpZW50OjYyNjA4ZTA4YWRjMjlhOGQ2ZGJjOTc1NGU2NTlmMTI1'}
[DEBUG]-[2020-08-04 11:39:34,811]-日志信息:Starting new HTTPS connection (1): sharpsit.jusdaglobal.com:443
[DEBUG]-[2020-08-04 11:39:35,050]-日志信息:https://sharpsit.jusdaglobal.com:443 "POST /api/login?grant_type=password&username=alex&password=948542b99a45de7ced6b6df6830dbb0a&tenant_code=SHARP HTTP/1.1" 200 None
[INFO]-[2020-08-04 11:39:35,055]-日志信息:响应结果是：{'access_token': 'eyJhbGciOiJSUzI1NiIsInR5cCI6IkpXVCJ9.eyJjb3VudHJ5X2NvZGUiOiJKUCIsImxvY2FsZV9jb2RlIjoiZW5fVVMiLCJ1c2VyX25hbWUiOiJhbGV4Iiwic2NvcGUiOlsiZm9vIiwicmVhZCIsIndyaXRlIl0sImFwcGxpY2F0aW9uX2NvZGUiOiJJREVBUyIsImV4cCI6MTU5NjU0ODM3NSwidXNlcmFjY291bnRfaWQiOiJVQUNfMTAwNDczIiwianRpIjoiNzhlYjhkYTktNzljNi00ZGU1LWFmZGQtYmZjNmMzYWE4NDQyIiwiY2xpZW50X2lkIjoiY2xpZW50IiwidGVuYW50X2NvZGUiOiJTSEFSUCJ9.iQIfpGaMEtDMImCptUx-22Lk2A5DjYyzaCa1xEH2Jg-dtBrP3gptqySO2Oe--jVposeZ_d_mfVASIbUDGmMx5qXQkuKKM8zlOuoXejPbQpHeHWGKRJUTY0FS65pV9NXN22pgoZcUF9h8N4JUyWRwDcEpvR_ACzaLFJsAq0Ovxrt_XLVPIn-lE_pbZFAIPPLAevNCBiaaKP_GTlQXaV5N4AO5L0YlTJhoUt0PsKe25I4eIabxl_16C3Nks7Nl2SEoPyy9hZDjscm-XI6Tf6Yvk2LPvsh1K7MSHp4SFijrD29NzWZMuZJiaCxhs0YYLw8tW5UNqsrY5sGSbUDqtQZHUA', 'token_type': 'bearer', 'refresh_token': 'eyJhbGciOiJSUzI1NiIsInR5cCI6IkpXVCJ9.eyJjb3VudHJ5X2NvZGUiOiJKUCIsImxvY2FsZV9jb2RlIjoiZW5fVVMiLCJ1c2VyX25hbWUiOiJhbGV4Iiwic2NvcGUiOlsiZm9vIiwicmVhZCIsIndyaXRlIl0sImF0aSI6Ijc4ZWI4ZGE5LTc5YzYtNGRlNS1hZmRkLWJmYzZjM2FhODQ0MiIsImFwcGxpY2F0aW9uX2NvZGUiOiJJREVBUyIsImV4cCI6MTU5NjU0ODM3NSwidXNlcmFjY291bnRfaWQiOiJVQUNfMTAwNDczIiwianRpIjoiZjg1ZTMzNWEtN2RmMi00NjJlLWI2ODctYzg4OTdlYTA5MzA0IiwiY2xpZW50X2lkIjoiY2xpZW50IiwidGVuYW50X2NvZGUiOiJTSEFSUCJ9.c_FAC93Zshx_wljQzOUpDzEF8LuphxmA_PTMmHsuuKKCBPXo6JqDxDr4EIM5Wlq77IRQnUNojq9rOm_t6cM5YcS445DfWjnRdKieCi-sEffVH0tEm_aIVJWQwLQaD-1x_b3rYuP352hwMOT4viW2Vgw67fvlG3AbpCLh24TGpqLGUzzSxmoAdQGsJJk35hvUbRLi0i2fRT-lmLHauU7wg5jRdI8jUIGiLV9Bn-UX8gp-JJT41ukPO9QOLuCvTHuY0eC2bm5i5hFxeusFeuczBkzXu0FsHFLaISUPVCscWRQLq105J_sCfWvtNc0F5lzmvl_OpkuG9m-4yEvpXcvizQ', 'expires_in': 35999, 'scope': 'foo read write', 'tenant_code': 'SHARP', 'useraccount_id': 'UAC_100473', 'application_code': 'IDEAS', 'locale_code': 'en_US', 'country_code': 'JP', 'jti': '78eb8da9-79c6-4de5-afdd-bfc6c3aa8442'}
[INFO]-[2020-08-04 11:39:35,057]-日志信息:全局变量:{'token_type': 'bearer', 'access_token': 'eyJhbGciOiJSUzI1NiIsInR5cCI6IkpXVCJ9.eyJjb3VudHJ5X2NvZGUiOiJKUCIsImxvY2FsZV9jb2RlIjoiZW5fVVMiLCJ1c2VyX25hbWUiOiJhbGV4Iiwic2NvcGUiOlsiZm9vIiwicmVhZCIsIndyaXRlIl0sImFwcGxpY2F0aW9uX2NvZGUiOiJJREVBUyIsImV4cCI6MTU5NjU0ODM3NSwidXNlcmFjY291bnRfaWQiOiJVQUNfMTAwNDczIiwianRpIjoiNzhlYjhkYTktNzljNi00ZGU1LWFmZGQtYmZjNmMzYWE4NDQyIiwiY2xpZW50X2lkIjoiY2xpZW50IiwidGVuYW50X2NvZGUiOiJTSEFSUCJ9.iQIfpGaMEtDMImCptUx-22Lk2A5DjYyzaCa1xEH2Jg-dtBrP3gptqySO2Oe--jVposeZ_d_mfVASIbUDGmMx5qXQkuKKM8zlOuoXejPbQpHeHWGKRJUTY0FS65pV9NXN22pgoZcUF9h8N4JUyWRwDcEpvR_ACzaLFJsAq0Ovxrt_XLVPIn-lE_pbZFAIPPLAevNCBiaaKP_GTlQXaV5N4AO5L0YlTJhoUt0PsKe25I4eIabxl_16C3Nks7Nl2SEoPyy9hZDjscm-XI6Tf6Yvk2LPvsh1K7MSHp4SFijrD29NzWZMuZJiaCxhs0YYLw8tW5UNqsrY5sGSbUDqtQZHUA'}
[ERROR]-[2020-08-04 11:39:35,057]-日志信息:excel中被替换数据中的jsonpath格式可能有问题，请检查
[INFO]-[2020-08-04 11:39:35,057]-日志信息:实际结果是：['"{$.token_type}"=="bearer"']
[INFO]-[2020-08-04 11:39:35,057]-日志信息:正在执行：第2条用例，
[INFO]-[2020-08-04 11:39:35,057]-日志信息:替换前请求地址：https://sharpsit.jusdaglobal.com/api/purchase-orders,替换前请求参数：{"accept":"application/json,text/plain,*/*","authorization":"{$.token_type} {$.access_token}"},
[INFO]-[2020-08-04 11:39:35,057]-日志信息:替换前请求文件参数：''，请求头：{"page":"-1","size":"20","sort":"poNo"}
[ERROR]-[2020-08-04 11:39:35,058]-日志信息:你的查找值可能是None或者是false，或查看你的jsonpath是否正确
[ERROR]-[2020-08-04 11:39:35,058]-日志信息:excel中被替换数据中的jsonpath格式可能有问题，请检查
[INFO]-[2020-08-04 11:39:35,059]-日志信息:替换后请求地址：https://sharpsit.jusdaglobal.com/api/purchase-orders,请求参数：{'accept': 'application/json,text/plain,*/*', 'authorization': '{$.token_type} {$.access_token}'},
[INFO]-[2020-08-04 11:39:35,059]-日志信息:替换后请求文件参数：，请求头：{'page': '-1', 'size': '20', 'sort': 'poNo'}
[DEBUG]-[2020-08-04 11:39:35,063]-日志信息:Starting new HTTPS connection (1): sharpsit.jusdaglobal.com:443
[DEBUG]-[2020-08-04 11:39:35,214]-日志信息:https://sharpsit.jusdaglobal.com:443 "GET /api/purchase-orders?accept=application%2Fjson%2Ctext%2Fplain%2C%2A%2F%2A&authorization=%7B%24.token_type%7D+%7B%24.access_token%7D HTTP/1.1" 404 None
[INFO]-[2020-08-04 11:39:35,219]-日志信息:响应结果是：{'msg': 'not matched service instance for SHARP-MASTER', 'time': '2020-08-04T11:38:23.885'}
[ERROR]-[2020-08-04 11:39:35,220]-日志信息:你的查找值可能是None或者是false，或查看你的jsonpath是否正确
[ERROR]-[2020-08-04 11:39:35,220]-日志信息:excel中被替换数据中的jsonpath格式可能有问题，请检查
